This file contains any messages produced by compilers while
running configure, to aid debugging if configure makes a mistake.

It was created by netty_transport_native_kqueue_aarch_64 configure 4.1.80.Final-SNAPSHOT, which was
generated by GNU Autoconf 2.71.  Invocation command line was

  $ ./configure --disable-ccache --prefix=/Users/oovever/Documents/projcet/Github/netty/transport-native-kqueue/target/native-build/target 'LDFLAGS=-Wl,-weak_library,/Users/oovever/Documents/projcet/Github/netty/transport-native-kqueue/target/unix-common-lib/META-INF/native/lib/libnetty-unix-common.a -Wl,-platform_version,macos,10.6,10.6' 'CFLAGS=-O3 -Werror -fno-omit-frame-pointer -Wunused-variable -fvisibility=hidden -I/Users/oovever/Documents/projcet/Github/netty/transport-native-kqueue/target/unix-common-lib/META-INF/native/include' MACOSX_DEPLOYMENT_TARGET=10.6 --libdir=/Users/oovever/Documents/projcet/Github/netty/transport-native-kqueue/target/native-build/target/lib

## --------- ##
## Platform. ##
## --------- ##

hostname = 192.168.0.119
uname -m = arm64
uname -r = 21.4.0
uname -s = Darwin
uname -v = Darwin Kernel Version 21.4.0: Fri Mar 18 00:46:32 PDT 2022; root:xnu-8020.101.4~15/RELEASE_ARM64_T6000

/usr/bin/uname -p = arm
/bin/uname -X     = unknown

/bin/arch              = unknown
/usr/bin/arch -k       = unknown
/usr/convex/getsysinfo = unknown
/usr/bin/hostinfo      = Mach kernel version:
	 Darwin Kernel Version 21.4.0: Fri Mar 18 00:46:32 PDT 2022; root:xnu-8020.101.4~15/RELEASE_ARM64_T6000
Kernel configured for up to 10 processors.
10 processors are physically available.
10 processors are logically available.
Processor type: arm64e (ARM64E)
Processors active: 0 1 2 3 4 5 6 7 8 9
Primary memory available: 32.00 gigabytes
Default processor set: 668 tasks, 4256 threads, 10 processors
Load average: 8.34, Mach factor: 3.75
/bin/machine           = unknown
/usr/bin/oslevel       = unknown
/bin/universe          = unknown

PATH: /usr/local/Cellar/protobuf/bin/
PATH: /Users/OovEver/.sdkman/candidates/gradle/current/
PATH: /usr/local/bin/
PATH: /usr/bin/
PATH: /bin/
PATH: /usr/sbin/
PATH: /sbin/
PATH: /opt/gradle/gradle-4.2/bin/


## ----------- ##
## Core tests. ##
## ----------- ##

configure:2360: looking for aux files: missing ltmain.sh ar-lib install-sh compile config.guess config.sub
configure:2373:  trying ./autotools/
configure:2402:   ./autotools/missing found
configure:2402:   ./autotools/ltmain.sh found
configure:2402:   ./autotools/ar-lib found
configure:2384:   ./autotools/install-sh found
configure:2402:   ./autotools/compile found
configure:2402:   ./autotools/config.guess found
configure:2402:   ./autotools/config.sub found
configure:2525: checking build system type
configure:2540: result: aarch64-apple-darwin21.4.0
configure:2560: checking host system type
configure:2574: result: aarch64-apple-darwin21.4.0
configure:2594: checking target system type
configure:2608: result: aarch64-apple-darwin21.4.0
configure:2701: checking for gcc
configure:2722: found /usr/bin/gcc
configure:2733: result: gcc
configure:3086: checking for C compiler version
configure:3095: gcc --version >&5
Apple clang version 13.1.6 (clang-1316.0.21.2.5)
Target: arm64-apple-darwin21.4.0
Thread model: posix
InstalledDir: /Library/Developer/CommandLineTools/usr/bin
configure:3106: $? = 0
configure:3095: gcc -v >&5
Apple clang version 13.1.6 (clang-1316.0.21.2.5)
Target: arm64-apple-darwin21.4.0
Thread model: posix
InstalledDir: /Library/Developer/CommandLineTools/usr/bin
configure:3106: $? = 0
configure:3095: gcc -V >&5
clang: error: argument to '-V' is missing (expected 1 value)
clang: error: no input files
configure:3106: $? = 1
configure:3095: gcc -qversion >&5
clang: error: unknown argument '-qversion'; did you mean '--version'?
clang: error: no input files
configure:3106: $? = 1
configure:3095: gcc -version >&5
clang: error: unknown argument '-version'; did you mean '--version'?
clang: error: no input files
configure:3106: $? = 1
configure:3126: checking whether the C compiler works
configure:3148: gcc -O3 -Werror -fno-omit-frame-pointer -Wunused-variable -fvisibility=hidden -I/Users/oovever/Documents/projcet/Github/netty/transport-native-kqueue/target/unix-common-lib/META-INF/native/include  -Wl,-weak_library,/Users/oovever/Documents/projcet/Github/netty/transport-native-kqueue/target/unix-common-lib/META-INF/native/lib/libnetty-unix-common.a -Wl,-platform_version,macos,10.6,10.6 conftest.c  >&5
ld: warning: passed two min versions (11.0, 10.6) for platform macOS. Using 10.6.
ld: warning: object file (/var/folders/q7/rl0_fsj93_7fxlzx0ffrx2m40000gn/T/conftest-d8df53.o) was built for newer macOS version (11.0) than being linked (10.6)
configure:3152: $? = 0
configure:3202: result: yes
configure:3205: checking for C compiler default output file name
configure:3207: result: a.out
configure:3213: checking for suffix of executables
configure:3220: gcc -o conftest -O3 -Werror -fno-omit-frame-pointer -Wunused-variable -fvisibility=hidden -I/Users/oovever/Documents/projcet/Github/netty/transport-native-kqueue/target/unix-common-lib/META-INF/native/include  -Wl,-weak_library,/Users/oovever/Documents/projcet/Github/netty/transport-native-kqueue/target/unix-common-lib/META-INF/native/lib/libnetty-unix-common.a -Wl,-platform_version,macos,10.6,10.6 conftest.c  >&5
ld: warning: passed two min versions (11.0, 10.6) for platform macOS. Using 10.6.
ld: warning: object file (/var/folders/q7/rl0_fsj93_7fxlzx0ffrx2m40000gn/T/conftest-6586a4.o) was built for newer macOS version (11.0) than being linked (10.6)
configure:3224: $? = 0
configure:3247: result: 
configure:3269: checking whether we are cross compiling
configure:3277: gcc -o conftest -O3 -Werror -fno-omit-frame-pointer -Wunused-variable -fvisibility=hidden -I/Users/oovever/Documents/projcet/Github/netty/transport-native-kqueue/target/unix-common-lib/META-INF/native/include  -Wl,-weak_library,/Users/oovever/Documents/projcet/Github/netty/transport-native-kqueue/target/unix-common-lib/META-INF/native/lib/libnetty-unix-common.a -Wl,-platform_version,macos,10.6,10.6 conftest.c  >&5
ld: warning: passed two min versions (11.0, 10.6) for platform macOS. Using 10.6.
ld: warning: object file (/var/folders/q7/rl0_fsj93_7fxlzx0ffrx2m40000gn/T/conftest-4dc551.o) was built for newer macOS version (11.0) than being linked (10.6)
configure:3281: $? = 0
configure:3288: ./conftest
configure:3292: $? = 0
configure:3307: result: no
configure:3312: checking for suffix of object files
configure:3335: gcc -c -O3 -Werror -fno-omit-frame-pointer -Wunused-variable -fvisibility=hidden -I/Users/oovever/Documents/projcet/Github/netty/transport-native-kqueue/target/unix-common-lib/META-INF/native/include  conftest.c >&5
configure:3339: $? = 0
configure:3361: result: o
configure:3365: checking whether the compiler supports GNU C
configure:3385: gcc -c -O3 -Werror -fno-omit-frame-pointer -Wunused-variable -fvisibility=hidden -I/Users/oovever/Documents/projcet/Github/netty/transport-native-kqueue/target/unix-common-lib/META-INF/native/include  conftest.c >&5
configure:3385: $? = 0
configure:3395: result: yes
configure:3406: checking whether gcc accepts -g
configure:3427: gcc -c -g  conftest.c >&5
configure:3427: $? = 0
configure:3471: result: yes
configure:3491: checking for gcc option to enable C11 features
configure:3506: gcc  -c -O3 -Werror -fno-omit-frame-pointer -Wunused-variable -fvisibility=hidden -I/Users/oovever/Documents/projcet/Github/netty/transport-native-kqueue/target/unix-common-lib/META-INF/native/include  conftest.c >&5
configure:3506: $? = 0
configure:3524: result: none needed
configure:3644: checking whether gcc understands -c and -o together
configure:3667: gcc -c conftest.c -o conftest2.o
configure:3670: $? = 0
configure:3667: gcc -c conftest.c -o conftest2.o
configure:3670: $? = 0
configure:3682: result: yes
configure:3714: checking for a BSD-compatible install
configure:3787: result: /usr/bin/install -c
configure:3855: checking for ar
configure:3876: found /usr/bin/ar
configure:3887: result: ar
configure:3913: checking the archiver (ar) interface
configure:3930: gcc -c -O3 -Werror -fno-omit-frame-pointer -Wunused-variable -fvisibility=hidden -I/Users/oovever/Documents/projcet/Github/netty/transport-native-kqueue/target/unix-common-lib/META-INF/native/include  conftest.c >&5
configure:3930: $? = 0
configure:3933: ar cru libconftest.a conftest.o >&5
configure:3936: $? = 0
configure:3964: result: ar
configure:4031: checking how to print strings
configure:4058: result: printf
configure:4079: checking for a sed that does not truncate output
configure:4149: result: /usr/bin/sed
configure:4167: checking for grep that handles long lines and -e
configure:4231: result: /usr/bin/grep
configure:4236: checking for egrep
configure:4304: result: /usr/bin/grep -E
configure:4309: checking for fgrep
configure:4377: result: /usr/bin/grep -F
configure:4413: checking for ld used by gcc
configure:4481: result: /Library/Developer/CommandLineTools/usr/bin/ld
configure:4488: checking if the linker (/Library/Developer/CommandLineTools/usr/bin/ld) is GNU ld
configure:4504: result: no
configure:4516: checking for BSD- or MS-compatible name lister (nm)
configure:4571: result: /usr/bin/nm -B
configure:4711: checking the name lister (/usr/bin/nm -B) interface
configure:4719: gcc -c -O3 -Werror -fno-omit-frame-pointer -Wunused-variable -fvisibility=hidden -I/Users/oovever/Documents/projcet/Github/netty/transport-native-kqueue/target/unix-common-lib/META-INF/native/include  conftest.c >&5
configure:4722: /usr/bin/nm -B "conftest.o"
configure:4725: output
0000000000000000 S _some_variable
0000000000000000 t ltmp0
0000000000000000 s ltmp1
configure:4732: result: BSD nm
configure:4735: checking whether ln -s works
configure:4739: result: yes
configure:4747: checking the maximum length of command line arguments
configure:4879: result: 786432
configure:4927: checking how to convert aarch64-apple-darwin21.4.0 file names to aarch64-apple-darwin21.4.0 format
configure:4968: result: func_convert_file_noop
configure:4975: checking how to convert aarch64-apple-darwin21.4.0 file names to toolchain format
configure:4996: result: func_convert_file_noop
configure:5003: checking for /Library/Developer/CommandLineTools/usr/bin/ld option to reload object files
configure:5011: result: -r
configure:5090: checking for file
configure:5111: found /usr/bin/file
configure:5122: result: file
configure:5198: checking for objdump
configure:5219: found /usr/bin/objdump
configure:5230: result: objdump
configure:5262: checking how to recognize dependent libraries
configure:5463: result: pass_all
configure:5553: checking for dlltool
configure:5588: result: no
configure:5618: checking how to associate runtime and link libraries
configure:5646: result: printf %s\n
configure:5796: checking for archiver @FILE support
configure:5814: gcc -c -O3 -Werror -fno-omit-frame-pointer -Wunused-variable -fvisibility=hidden -I/Users/oovever/Documents/projcet/Github/netty/transport-native-kqueue/target/unix-common-lib/META-INF/native/include  conftest.c >&5
configure:5814: $? = 0
configure:5818: ar cr libconftest.a @conftest.lst >&5
ar: @conftest.lst: No such file or directory
configure:5821: $? = 1
configure:5841: result: no
configure:5904: checking for strip
configure:5925: found /usr/bin/strip
configure:5936: result: strip
configure:6013: checking for ranlib
configure:6034: found /usr/bin/ranlib
configure:6045: result: ranlib
configure:6122: checking for gawk
configure:6157: result: no
configure:6122: checking for mawk
configure:6157: result: no
configure:6122: checking for nawk
configure:6157: result: no
configure:6122: checking for awk
configure:6143: found /usr/bin/awk
configure:6154: result: awk
configure:6194: checking command to parse /usr/bin/nm -B output from gcc object
configure:6348: gcc -c -O3 -Werror -fno-omit-frame-pointer -Wunused-variable -fvisibility=hidden -I/Users/oovever/Documents/projcet/Github/netty/transport-native-kqueue/target/unix-common-lib/META-INF/native/include  conftest.c >&5
configure:6351: $? = 0
configure:6355: /usr/bin/nm -B conftest.o \| /usr/bin/sed -n -e 's/^.*[ ]\([ABCDGIRSTW][ABCDGIRSTW]*\)[ ][ ]*\([_A-Za-z][_A-Za-z0-9]*\)$/\1 \2 \2/p' | /usr/bin/sed '/ __gnu_lto/d' \> conftest.nm
configure:6358: $? = 0
cannot find nm_test_var in conftest.nm
configure:6348: gcc -c -O3 -Werror -fno-omit-frame-pointer -Wunused-variable -fvisibility=hidden -I/Users/oovever/Documents/projcet/Github/netty/transport-native-kqueue/target/unix-common-lib/META-INF/native/include  conftest.c >&5
configure:6351: $? = 0
configure:6355: /usr/bin/nm -B conftest.o \| /usr/bin/sed -n -e 's/^.*[ ]\([ABCDGIRSTW][ABCDGIRSTW]*\)[ ][ ]*_\([_A-Za-z][_A-Za-z0-9]*\)$/\1 _\2 \2/p' | /usr/bin/sed '/ __gnu_lto/d' \> conftest.nm
configure:6358: $? = 0
configure:6424: gcc -o conftest -O3 -Werror -fno-omit-frame-pointer -Wunused-variable -fvisibility=hidden -I/Users/oovever/Documents/projcet/Github/netty/transport-native-kqueue/target/unix-common-lib/META-INF/native/include  -Wl,-weak_library,/Users/oovever/Documents/projcet/Github/netty/transport-native-kqueue/target/unix-common-lib/META-INF/native/lib/libnetty-unix-common.a -Wl,-platform_version,macos,10.6,10.6 conftest.c conftstm.o >&5
ld: warning: passed two min versions (11.0, 10.6) for platform macOS. Using 10.6.
ld: warning: object file (/var/folders/q7/rl0_fsj93_7fxlzx0ffrx2m40000gn/T/conftest-22a9ec.o) was built for newer macOS version (11.0) than being linked (10.6)
ld: warning: object file (conftstm.o) was built for newer macOS version (11.0) than being linked (10.6)
configure:6427: $? = 0
configure:6465: result: ok
configure:6512: checking for sysroot
configure:6543: result: no
configure:6550: checking for a working dd
configure:6594: result: /bin/dd
configure:6598: checking how to truncate binary pipes
configure:6614: result: /bin/dd bs=4096 count=1
configure:6951: checking for mt
configure:6986: result: no
configure:7006: checking if : is a manifest tool
configure:7013: : '-?'
configure:7021: result: no
configure:7082: checking for dsymutil
configure:7103: found /usr/bin/dsymutil
configure:7114: result: dsymutil
configure:7184: checking for nmedit
configure:7205: found /usr/bin/nmedit
configure:7216: result: nmedit
configure:7286: checking for lipo
configure:7307: found /usr/bin/lipo
configure:7318: result: lipo
configure:7388: checking for otool
configure:7409: found /usr/bin/otool
configure:7420: result: otool
configure:7490: checking for otool64
configure:7525: result: no
configure:7570: checking for -single_module linker flag
gcc -O3 -Werror -fno-omit-frame-pointer -Wunused-variable -fvisibility=hidden -I/Users/oovever/Documents/projcet/Github/netty/transport-native-kqueue/target/unix-common-lib/META-INF/native/include -Wl,-weak_library,/Users/oovever/Documents/projcet/Github/netty/transport-native-kqueue/target/unix-common-lib/META-INF/native/lib/libnetty-unix-common.a -Wl,-platform_version,macos,10.6,10.6 -o libconftest.dylib -dynamiclib -Wl,-single_module conftest.c
configure:7604: result: yes
configure:7607: checking for -exported_symbols_list linker flag
configure:7628: gcc -o conftest -O3 -Werror -fno-omit-frame-pointer -Wunused-variable -fvisibility=hidden -I/Users/oovever/Documents/projcet/Github/netty/transport-native-kqueue/target/unix-common-lib/META-INF/native/include  -Wl,-weak_library,/Users/oovever/Documents/projcet/Github/netty/transport-native-kqueue/target/unix-common-lib/META-INF/native/lib/libnetty-unix-common.a -Wl,-platform_version,macos,10.6,10.6 -Wl,-exported_symbols_list,conftest.sym conftest.c  >&5
ld: warning: passed two min versions (11.0, 10.6) for platform macOS. Using 10.6.
ld: warning: object file (/var/folders/q7/rl0_fsj93_7fxlzx0ffrx2m40000gn/T/conftest-7fd7f6.o) was built for newer macOS version (11.0) than being linked (10.6)
ld: warning: cannot export hidden symbol _main from /var/folders/q7/rl0_fsj93_7fxlzx0ffrx2m40000gn/T/conftest-7fd7f6.o
configure:7628: $? = 0
configure:7639: result: yes
configure:7642: checking for -force_load linker flag
gcc -O3 -Werror -fno-omit-frame-pointer -Wunused-variable -fvisibility=hidden -I/Users/oovever/Documents/projcet/Github/netty/transport-native-kqueue/target/unix-common-lib/META-INF/native/include -c -o conftest.o conftest.c
ar cr libconftest.a conftest.o
ranlib libconftest.a
gcc -O3 -Werror -fno-omit-frame-pointer -Wunused-variable -fvisibility=hidden -I/Users/oovever/Documents/projcet/Github/netty/transport-native-kqueue/target/unix-common-lib/META-INF/native/include -Wl,-weak_library,/Users/oovever/Documents/projcet/Github/netty/transport-native-kqueue/target/unix-common-lib/META-INF/native/lib/libnetty-unix-common.a -Wl,-platform_version,macos,10.6,10.6 -o conftest conftest.c -Wl,-force_load,./libconftest.a
configure:7675: result: yes
configure:7746: checking for stdio.h
configure:7746: gcc -c -O3 -Werror -fno-omit-frame-pointer -Wunused-variable -fvisibility=hidden -I/Users/oovever/Documents/projcet/Github/netty/transport-native-kqueue/target/unix-common-lib/META-INF/native/include  conftest.c >&5
configure:7746: $? = 0
configure:7746: result: yes
configure:7746: checking for stdlib.h
configure:7746: gcc -c -O3 -Werror -fno-omit-frame-pointer -Wunused-variable -fvisibility=hidden -I/Users/oovever/Documents/projcet/Github/netty/transport-native-kqueue/target/unix-common-lib/META-INF/native/include  conftest.c >&5
configure:7746: $? = 0
configure:7746: result: yes
configure:7746: checking for string.h
configure:7746: gcc -c -O3 -Werror -fno-omit-frame-pointer -Wunused-variable -fvisibility=hidden -I/Users/oovever/Documents/projcet/Github/netty/transport-native-kqueue/target/unix-common-lib/META-INF/native/include  conftest.c >&5
configure:7746: $? = 0
configure:7746: result: yes
configure:7746: checking for inttypes.h
configure:7746: gcc -c -O3 -Werror -fno-omit-frame-pointer -Wunused-variable -fvisibility=hidden -I/Users/oovever/Documents/projcet/Github/netty/transport-native-kqueue/target/unix-common-lib/META-INF/native/include  conftest.c >&5
configure:7746: $? = 0
configure:7746: result: yes
configure:7746: checking for stdint.h
configure:7746: gcc -c -O3 -Werror -fno-omit-frame-pointer -Wunused-variable -fvisibility=hidden -I/Users/oovever/Documents/projcet/Github/netty/transport-native-kqueue/target/unix-common-lib/META-INF/native/include  conftest.c >&5
configure:7746: $? = 0
configure:7746: result: yes
configure:7746: checking for strings.h
configure:7746: gcc -c -O3 -Werror -fno-omit-frame-pointer -Wunused-variable -fvisibility=hidden -I/Users/oovever/Documents/projcet/Github/netty/transport-native-kqueue/target/unix-common-lib/META-INF/native/include  conftest.c >&5
configure:7746: $? = 0
configure:7746: result: yes
configure:7746: checking for sys/stat.h
configure:7746: gcc -c -O3 -Werror -fno-omit-frame-pointer -Wunused-variable -fvisibility=hidden -I/Users/oovever/Documents/projcet/Github/netty/transport-native-kqueue/target/unix-common-lib/META-INF/native/include  conftest.c >&5
configure:7746: $? = 0
configure:7746: result: yes
configure:7746: checking for sys/types.h
configure:7746: gcc -c -O3 -Werror -fno-omit-frame-pointer -Wunused-variable -fvisibility=hidden -I/Users/oovever/Documents/projcet/Github/netty/transport-native-kqueue/target/unix-common-lib/META-INF/native/include  conftest.c >&5
configure:7746: $? = 0
configure:7746: result: yes
configure:7746: checking for unistd.h
configure:7746: gcc -c -O3 -Werror -fno-omit-frame-pointer -Wunused-variable -fvisibility=hidden -I/Users/oovever/Documents/projcet/Github/netty/transport-native-kqueue/target/unix-common-lib/META-INF/native/include  conftest.c >&5
configure:7746: $? = 0
configure:7746: result: yes
configure:7771: checking for dlfcn.h
configure:7771: gcc -c -O3 -Werror -fno-omit-frame-pointer -Wunused-variable -fvisibility=hidden -I/Users/oovever/Documents/projcet/Github/netty/transport-native-kqueue/target/unix-common-lib/META-INF/native/include  conftest.c >&5
configure:7771: $? = 0
configure:7771: result: yes
configure:8029: checking for objdir
configure:8045: result: .libs
configure:8309: checking if gcc supports -fno-rtti -fno-exceptions
configure:8328: gcc -c -O3 -Werror -fno-omit-frame-pointer -Wunused-variable -fvisibility=hidden -I/Users/oovever/Documents/projcet/Github/netty/transport-native-kqueue/target/unix-common-lib/META-INF/native/include  -fno-rtti -fno-exceptions conftest.c >&5
configure:8332: $? = 0
configure:8345: result: yes
configure:8703: checking for gcc option to produce PIC
configure:8711: result: -fno-common -DPIC
configure:8719: checking if gcc PIC flag -fno-common -DPIC works
configure:8738: gcc -c -O3 -Werror -fno-omit-frame-pointer -Wunused-variable -fvisibility=hidden -I/Users/oovever/Documents/projcet/Github/netty/transport-native-kqueue/target/unix-common-lib/META-INF/native/include  -fno-common -DPIC -DPIC conftest.c >&5
configure:8742: $? = 0
configure:8755: result: yes
configure:8784: checking if gcc static flag -static works
configure:8813: result: no
configure:8828: checking if gcc supports -c -o file.o
configure:8850: gcc -c -O3 -Werror -fno-omit-frame-pointer -Wunused-variable -fvisibility=hidden -I/Users/oovever/Documents/projcet/Github/netty/transport-native-kqueue/target/unix-common-lib/META-INF/native/include  -o out/conftest2.o conftest.c >&5
configure:8854: $? = 0
configure:8876: result: yes
configure:8884: checking if gcc supports -c -o file.o
configure:8932: result: yes
configure:8965: checking whether the gcc linker (/Library/Developer/CommandLineTools/usr/bin/ld) supports shared libraries
configure:10233: result: yes
configure:10474: checking dynamic linker characteristics
configure:11295: result: darwin21.4.0 dyld
configure:11417: checking how to hardcode library paths into programs
configure:11442: result: immediate
configure:11994: checking whether stripping libraries is possible
configure:12011: result: yes
configure:12045: checking if libtool supports shared libraries
configure:12047: result: yes
configure:12050: checking whether to build shared libraries
configure:12075: result: yes
configure:12078: checking whether to build static libraries
configure:12082: result: no
configure:12247: JAVA_HOME was set, checking to see if it's a JDK we can use...
configure:12252: checking if '/Users/oovever/Library/Java/JavaVirtualMachines/azul-13.0.12/Contents/Home' is a JDK
configure:12315: gcc -c -O3 -Werror -fno-omit-frame-pointer -Wunused-variable -fvisibility=hidden -I/Users/oovever/Documents/projcet/Github/netty/transport-native-kqueue/target/unix-common-lib/META-INF/native/include  -I/Users/oovever/Library/Java/JavaVirtualMachines/azul-13.0.12/Contents/Home/include -I/Users/oovever/Library/Java/JavaVirtualMachines/azul-13.0.12/Contents/Home/include/darwin conftest.c >&5
configure:12315: $? = 0
configure:12330: result: yes
configure:12617: checking for pthread.h
configure:12617: gcc -c -O3 -Werror -fno-omit-frame-pointer -Wunused-variable -fvisibility=hidden -I/Users/oovever/Documents/projcet/Github/netty/transport-native-kqueue/target/unix-common-lib/META-INF/native/include  conftest.c >&5
configure:12617: $? = 0
configure:12617: result: yes
configure:12633: checking OS X SDK version
configure:12657: result: 
configure:12662: checking whether to build universal binaries
configure:12694: result: no
configure:12741: checking whether build environment is sane
configure:12796: result: yes
configure:12951: checking for a race-free mkdir -p
configure:12995: result: ./autotools/install-sh -c -d
configure:12998: checking whether make sets $(MAKE)
configure:13021: result: yes
configure:13051: checking whether make supports nested variables
configure:13069: result: yes
configure:13316: checking that generated files are newer than configure
configure:13322: result: done
configure:13337: creating ./config.status

## ---------------------- ##
## Running config.status. ##
## ---------------------- ##

This file was extended by netty_transport_native_kqueue_aarch_64 config.status 4.1.80.Final-SNAPSHOT, which was
generated by GNU Autoconf 2.71.  Invocation command line was

  CONFIG_FILES    = 
  CONFIG_HEADERS  = 
  CONFIG_LINKS    = 
  CONFIG_COMMANDS = 
  $ ./config.status 

on 192.168.0.119

config.status:1083: creating Makefile
config.status:1083: creating src/config.h
config.status:1312: executing libtool commands
configure:15385: WARNING: unrecognized options: --disable-ccache

## ---------------- ##
## Cache variables. ##
## ---------------- ##

ac_cv_build=aarch64-apple-darwin21.4.0
ac_cv_c_compiler_gnu=yes
ac_cv_env_CC_set=
ac_cv_env_CC_value=
ac_cv_env_CFLAGS_set=set
ac_cv_env_CFLAGS_value='-O3 -Werror -fno-omit-frame-pointer -Wunused-variable -fvisibility=hidden -I/Users/oovever/Documents/projcet/Github/netty/transport-native-kqueue/target/unix-common-lib/META-INF/native/include'
ac_cv_env_CPPFLAGS_set=
ac_cv_env_CPPFLAGS_value=
ac_cv_env_LDFLAGS_set=set
ac_cv_env_LDFLAGS_value='-Wl,-weak_library,/Users/oovever/Documents/projcet/Github/netty/transport-native-kqueue/target/unix-common-lib/META-INF/native/lib/libnetty-unix-common.a -Wl,-platform_version,macos,10.6,10.6'
ac_cv_env_LIBS_set=
ac_cv_env_LIBS_value=
ac_cv_env_LT_SYS_LIBRARY_PATH_set=
ac_cv_env_LT_SYS_LIBRARY_PATH_value=
ac_cv_env_build_alias_set=
ac_cv_env_build_alias_value=
ac_cv_env_host_alias_set=
ac_cv_env_host_alias_value=
ac_cv_env_target_alias_set=
ac_cv_env_target_alias_value=
ac_cv_header_dlfcn_h=yes
ac_cv_header_inttypes_h=yes
ac_cv_header_pthread_h=yes
ac_cv_header_stdint_h=yes
ac_cv_header_stdio_h=yes
ac_cv_header_stdlib_h=yes
ac_cv_header_string_h=yes
ac_cv_header_strings_h=yes
ac_cv_header_sys_stat_h=yes
ac_cv_header_sys_types_h=yes
ac_cv_header_unistd_h=yes
ac_cv_host=aarch64-apple-darwin21.4.0
ac_cv_objext=o
ac_cv_path_EGREP='/usr/bin/grep -E'
ac_cv_path_FGREP='/usr/bin/grep -F'
ac_cv_path_GREP=/usr/bin/grep
ac_cv_path_SED=/usr/bin/sed
ac_cv_path_install='/usr/bin/install -c'
ac_cv_path_lt_DD=/bin/dd
ac_cv_prog_AWK=awk
ac_cv_prog_ac_ct_AR=ar
ac_cv_prog_ac_ct_CC=gcc
ac_cv_prog_ac_ct_DSYMUTIL=dsymutil
ac_cv_prog_ac_ct_FILECMD=file
ac_cv_prog_ac_ct_LIPO=lipo
ac_cv_prog_ac_ct_NMEDIT=nmedit
ac_cv_prog_ac_ct_OBJDUMP=objdump
ac_cv_prog_ac_ct_OTOOL=otool
ac_cv_prog_ac_ct_RANLIB=ranlib
ac_cv_prog_ac_ct_STRIP=strip
ac_cv_prog_cc_c11=
ac_cv_prog_cc_g=yes
ac_cv_prog_cc_stdc=
ac_cv_prog_make_make_set=yes
ac_cv_target=aarch64-apple-darwin21.4.0
am_cv_ar_interface=ar
am_cv_make_support_nested_variables=yes
am_cv_prog_cc_c_o=yes
lt_cv_apple_cc_single_mod=yes
lt_cv_ar_at_file=no
lt_cv_deplibs_check_method=pass_all
lt_cv_file_magic_cmd='$MAGIC_CMD'
lt_cv_file_magic_test_file=
lt_cv_ld_exported_symbols_list=yes
lt_cv_ld_force_load=yes
lt_cv_ld_reload_flag=-r
lt_cv_nm_interface='BSD nm'
lt_cv_objdir=.libs
lt_cv_path_LD=/Library/Developer/CommandLineTools/usr/bin/ld
lt_cv_path_NM='/usr/bin/nm -B'
lt_cv_path_mainfest_tool=no
lt_cv_prog_compiler_c_o=yes
lt_cv_prog_compiler_pic='-fno-common -DPIC'
lt_cv_prog_compiler_pic_works=yes
lt_cv_prog_compiler_rtti_exceptions=yes
lt_cv_prog_compiler_static_works=no
lt_cv_prog_gnu_ld=no
lt_cv_sharedlib_from_linklib_cmd='printf %s\n'
lt_cv_sys_global_symbol_pipe='/usr/bin/sed -n -e '\''s/^.*[	 ]\([ABCDGIRSTW][ABCDGIRSTW]*\)[	 ][	 ]*_\([_A-Za-z][_A-Za-z0-9]*\)$/\1 _\2 \2/p'\'' | /usr/bin/sed '\''/ __gnu_lto/d'\'''
lt_cv_sys_global_symbol_to_c_name_address='/usr/bin/sed -n -e '\''s/^: \(.*\) .*$/  {"\1", (void *) 0},/p'\'' -e '\''s/^[ABCDGIRSTW][ABCDGIRSTW]* .* \(.*\)$/  {"\1", (void *) \&\1},/p'\'''
lt_cv_sys_global_symbol_to_c_name_address_lib_prefix='/usr/bin/sed -n -e '\''s/^: \(.*\) .*$/  {"\1", (void *) 0},/p'\'' -e '\''s/^[ABCDGIRSTW][ABCDGIRSTW]* .* \(lib.*\)$/  {"\1", (void *) \&\1},/p'\'' -e '\''s/^[ABCDGIRSTW][ABCDGIRSTW]* .* \(.*\)$/  {"lib\1", (void *) \&\1},/p'\'''
lt_cv_sys_global_symbol_to_cdecl='/usr/bin/sed -n -e '\''s/^T .* \(.*\)$/extern int \1();/p'\'' -e '\''s/^[ABCDGIRSTW][ABCDGIRSTW]* .* \(.*\)$/extern char \1;/p'\'''
lt_cv_sys_global_symbol_to_import=
lt_cv_sys_max_cmd_len=786432
lt_cv_to_host_file_cmd=func_convert_file_noop
lt_cv_to_tool_file_cmd=func_convert_file_noop
lt_cv_truncate_bin='/bin/dd bs=4096 count=1'

## ----------------- ##
## Output variables. ##
## ----------------- ##

ACLOCAL='${SHELL} '\''/Users/oovever/Documents/projcet/Github/netty/transport-native-kqueue/target/native-build/autotools/missing'\'' aclocal-1.16'
AMTAR='$${TAR-tar}'
AM_BACKSLASH='\'
AM_DEFAULT_V='$(AM_DEFAULT_VERBOSITY)'
AM_DEFAULT_VERBOSITY='1'
AM_V='$(V)'
AR='ar'
AUTOCONF='${SHELL} '\''/Users/oovever/Documents/projcet/Github/netty/transport-native-kqueue/target/native-build/autotools/missing'\'' autoconf'
AUTOHEADER='${SHELL} '\''/Users/oovever/Documents/projcet/Github/netty/transport-native-kqueue/target/native-build/autotools/missing'\'' autoheader'
AUTOMAKE='${SHELL} '\''/Users/oovever/Documents/projcet/Github/netty/transport-native-kqueue/target/native-build/autotools/missing'\'' automake-1.16'
AWK='awk'
CC='gcc'
CFLAGS='-O3 -Werror -fno-omit-frame-pointer -Wunused-variable -fvisibility=hidden -I/Users/oovever/Documents/projcet/Github/netty/transport-native-kqueue/target/unix-common-lib/META-INF/native/include -I/Users/oovever/Library/Java/JavaVirtualMachines/azul-13.0.12/Contents/Home/include -I/Users/oovever/Library/Java/JavaVirtualMachines/azul-13.0.12/Contents/Home/include/darwin'
CPPFLAGS=''
CSCOPE='cscope'
CTAGS='ctags'
CXXFLAGS=' -I/Users/oovever/Library/Java/JavaVirtualMachines/azul-13.0.12/Contents/Home/include -I/Users/oovever/Library/Java/JavaVirtualMachines/azul-13.0.12/Contents/Home/include/darwin'
CYGPATH_W='echo'
DEFS='-DHAVE_CONFIG_H'
DLLTOOL='false'
DSYMUTIL='dsymutil'
DUMPBIN=''
ECHO_C='\c'
ECHO_N=''
ECHO_T=''
EGREP='/usr/bin/grep -E'
ETAGS='etags'
EXEEXT=''
FGREP='/usr/bin/grep -F'
FILECMD='file'
GREP='/usr/bin/grep'
INSTALL_DATA='${INSTALL} -m 644'
INSTALL_PROGRAM='${INSTALL}'
INSTALL_SCRIPT='${INSTALL}'
INSTALL_STRIP_PROGRAM='$(install_sh) -c -s'
JNI_EXTRA_CFLAGS='-I/Users/oovever/Library/Java/JavaVirtualMachines/azul-13.0.12/Contents/Home/include -I/Users/oovever/Library/Java/JavaVirtualMachines/azul-13.0.12/Contents/Home/include/darwin'
JNI_EXTRA_LDFLAGS='-shrext .jnilib -dynamiclib'
JNI_JDK='/Users/oovever/Library/Java/JavaVirtualMachines/azul-13.0.12/Contents/Home'
LD='/Library/Developer/CommandLineTools/usr/bin/ld'
LDFLAGS='-Wl,-weak_library,/Users/oovever/Documents/projcet/Github/netty/transport-native-kqueue/target/unix-common-lib/META-INF/native/lib/libnetty-unix-common.a -Wl,-platform_version,macos,10.6,10.6 -shrext .jnilib -dynamiclib -release 4.1.80.Final-SNAPSHOT'
LIBOBJS=''
LIBS=''
LIBTOOL='$(SHELL) $(top_builddir)/libtool'
LIPO='lipo'
LN_S='ln -s'
LTLIBOBJS=''
LT_SYS_LIBRARY_PATH=''
MAKEINFO='${SHELL} '\''/Users/oovever/Documents/projcet/Github/netty/transport-native-kqueue/target/native-build/autotools/missing'\'' makeinfo'
MANIFEST_TOOL=':'
MKDIR_P='./autotools/install-sh -c -d'
NM='/usr/bin/nm -B'
NMEDIT='nmedit'
OBJDUMP='objdump'
OBJEXT='o'
OSX_SDKS_DIR=''
OSX_VERSION=''
OTOOL64=':'
OTOOL='otool'
PACKAGE='netty_transport_native_kqueue_aarch_64'
PACKAGE_BUGREPORT=''
PACKAGE_NAME='netty_transport_native_kqueue_aarch_64'
PACKAGE_STRING='netty_transport_native_kqueue_aarch_64 4.1.80.Final-SNAPSHOT'
PACKAGE_TARNAME='netty_transport_native_kqueue_aarch_64'
PACKAGE_URL=''
PACKAGE_VERSION='4.1.80.Final-SNAPSHOT'
PATH_SEPARATOR=':'
RANLIB='ranlib'
SED='/usr/bin/sed'
SET_MAKE=''
SHELL='/bin/sh'
STRIP='strip'
VERSION='4.1.80.Final-SNAPSHOT'
ac_ct_AR='ar'
ac_ct_CC='gcc'
ac_ct_DUMPBIN=''
am__EXEEXT_FALSE=''
am__EXEEXT_TRUE='#'
am__isrc=''
am__leading_dot='.'
am__tar='$${TAR-tar} chof - "$$tardir"'
am__untar='$${TAR-tar} xf -'
bindir='${exec_prefix}/bin'
build='aarch64-apple-darwin21.4.0'
build_alias=''
build_cpu='aarch64'
build_os='darwin21.4.0'
build_vendor='apple'
datadir='${datarootdir}'
datarootdir='${prefix}/share'
docdir='${datarootdir}/doc/${PACKAGE_TARNAME}'
dvidir='${docdir}'
exec_prefix='${prefix}'
host='aarch64-apple-darwin21.4.0'
host_alias=''
host_cpu='aarch64'
host_os='darwin21.4.0'
host_vendor='apple'
htmldir='${docdir}'
includedir='${prefix}/include'
infodir='${datarootdir}/info'
install_sh='${SHELL} /Users/oovever/Documents/projcet/Github/netty/transport-native-kqueue/target/native-build/autotools/install-sh'
libdir='/Users/oovever/Documents/projcet/Github/netty/transport-native-kqueue/target/native-build/target/lib'
libexecdir='${exec_prefix}/libexec'
localedir='${datarootdir}/locale'
localstatedir='${prefix}/var'
mandir='${datarootdir}/man'
mkdir_p='$(MKDIR_P)'
oldincludedir='/usr/include'
pdfdir='${docdir}'
prefix='/Users/oovever/Documents/projcet/Github/netty/transport-native-kqueue/target/native-build/target'
program_transform_name='s,x,x,'
psdir='${docdir}'
runstatedir='${localstatedir}/run'
sbindir='${exec_prefix}/sbin'
sharedstatedir='${prefix}/com'
sysconfdir='${prefix}/etc'
target='aarch64-apple-darwin21.4.0'
target_alias=''
target_cpu='aarch64'
target_os='darwin21.4.0'
target_vendor='apple'

## ----------- ##
## confdefs.h. ##
## ----------- ##

/* confdefs.h */
#define PACKAGE_NAME "netty_transport_native_kqueue_aarch_64"
#define PACKAGE_TARNAME "netty_transport_native_kqueue_aarch_64"
#define PACKAGE_VERSION "4.1.80.Final-SNAPSHOT"
#define PACKAGE_STRING "netty_transport_native_kqueue_aarch_64 4.1.80.Final-SNAPSHOT"
#define PACKAGE_BUGREPORT ""
#define PACKAGE_URL ""
#define HAVE_STDIO_H 1
#define HAVE_STDLIB_H 1
#define HAVE_STRING_H 1
#define HAVE_INTTYPES_H 1
#define HAVE_STDINT_H 1
#define HAVE_STRINGS_H 1
#define HAVE_SYS_STAT_H 1
#define HAVE_SYS_TYPES_H 1
#define HAVE_UNISTD_H 1
#define STDC_HEADERS 1
#define HAVE_DLFCN_H 1
#define LT_OBJDIR ".libs/"
#define HAVE_PTHREAD_H 1
#define PACKAGE "netty_transport_native_kqueue_aarch_64"
#define VERSION "4.1.80.Final-SNAPSHOT"

configure: exit 0
